<?xml version="1.0" encoding="utf-8"?><testsuites><testsuite name="pytest" errors="0" failures="0" skipped="0" tests="4" time="1.312" timestamp="2025-05-13T12:29:04.955181+08:00" hostname="DESKTOP-DKDUEHD"><testcase classname="tests.test_crypto_cuda" name="test_exact[GCJ02-WGS84-input0-expected0]" file="tests\test_crypto_cuda.py" line="27" time="0.185" /><testcase classname="tests.test_crypto_cuda" name="test_exact[BD09-GCJ02-input1-expected1]" file="tests\test_crypto_cuda.py" line="27" time="0.003" /><testcase classname="tests.test_crypto_cuda" name="test_exact[BD09-WGS84-input2-expected2]" file="tests\test_crypto_cuda.py" line="27" time="0.003" /><testcase classname="tests.test_datum_compensate_cuda" name="test_datum_compensate_cuda" file="tests\test_datum_compensate_cuda.py" line="5" time="0.003" /></testsuite></testsuites>